2025-08-09 11:47:40,189 - trainer - INFO - Starting training for 10 epochs...
2025-08-09 11:47:44,551 - trainer - INFO - Epoch 1 / 10 - Train Loss: 0.7505 - val_loss: 0.6498
2025-08-09 11:47:44,578 - trainer - INFO - [92mNew best model saved with metric: {'val_loss': 0.6497577495045133}[0m
2025-08-09 11:47:47,823 - trainer - INFO - Epoch 2 / 10 - Train Loss: 0.6001 - val_loss: 0.6169
2025-08-09 11:47:47,846 - trainer - INFO - [92mNew best model saved with metric: {'val_loss': 0.6169334161612723}[0m
2025-08-09 11:47:50,921 - trainer - INFO - Epoch 3 / 10 - Train Loss: 0.5636 - val_loss: 0.6006
2025-08-09 11:47:50,942 - trainer - INFO - [92mNew best model saved with metric: {'val_loss': 0.6005530224906074}[0m
2025-08-09 11:47:54,006 - trainer - INFO - Epoch 4 / 10 - Train Loss: 0.5532 - val_loss: 0.5887
2025-08-09 11:47:54,024 - trainer - INFO - [92mNew best model saved with metric: {'val_loss': 0.5886512733995914}[0m
2025-08-09 11:47:57,024 - trainer - INFO - Epoch 5 / 10 - Train Loss: 0.5336 - val_loss: 0.5876
2025-08-09 11:47:57,043 - trainer - INFO - [92mNew best model saved with metric: {'val_loss': 0.5876097360418903}[0m
2025-08-09 11:48:00,223 - trainer - INFO - Epoch 6 / 10 - Train Loss: 0.5330 - val_loss: 0.5925
2025-08-09 11:48:03,335 - trainer - INFO - Epoch 7 / 10 - Train Loss: 0.5227 - val_loss: 0.5887
2025-08-09 11:48:06,320 - trainer - INFO - Epoch 8 / 10 - Train Loss: 0.5183 - val_loss: 0.5732
2025-08-09 11:48:06,340 - trainer - INFO - [92mNew best model saved with metric: {'val_loss': 0.5731754427154859}[0m
2025-08-09 11:48:09,262 - trainer - INFO - Epoch 9 / 10 - Train Loss: 0.5070 - val_loss: 0.5665
2025-08-09 11:48:09,287 - trainer - INFO - [92mNew best model saved with metric: {'val_loss': 0.5664619041813744}[0m
2025-08-09 11:48:12,406 - trainer - INFO - Epoch 10 / 10 - Train Loss: 0.4973 - val_loss: 0.5716
2025-08-09 11:48:12,419 - trainer - INFO - Training completed in 32.23 seconds.
2025-08-09 11:48:12,433 - trainer - INFO - Training history saved to ./checkpoints/convlstm/training_history.json
